[2021-11-10 00:14:30,313] DEBUG preRegister called. Server=com.sun.jmx.mbeanserver.JmxMBeanServer@5fe5c6f, name=log4j:logger=kafka.controller (kafka.controller)
[2021-11-10 00:14:58,029] INFO [ControllerEventThread controllerId=0] Starting (kafka.controller.ControllerEventManager$ControllerEventThread)
[2021-11-10 00:14:58,062] INFO [Controller id=0] 0 successfully elected as the controller. Epoch incremented to 1 and epoch zk version is now 1 (kafka.controller.KafkaController)
[2021-11-10 00:14:58,071] INFO [Controller id=0] Creating FeatureZNode at path: /feature with contents: FeatureZNode(Enabled,Features{}) (kafka.controller.KafkaController)
[2021-11-10 00:14:58,132] INFO [Controller id=0] Registering handlers (kafka.controller.KafkaController)
[2021-11-10 00:14:58,137] INFO [Controller id=0] Deleting log dir event notifications (kafka.controller.KafkaController)
[2021-11-10 00:14:58,141] INFO [Controller id=0] Deleting isr change notifications (kafka.controller.KafkaController)
[2021-11-10 00:14:58,144] INFO [Controller id=0] Initializing controller context (kafka.controller.KafkaController)
[2021-11-10 00:14:58,180] INFO [Controller id=0] Initialized broker epochs cache: Map(0 -> 25) (kafka.controller.KafkaController)
[2021-11-10 00:14:58,191] DEBUG [Controller id=0] Register BrokerModifications handler for Set(0) (kafka.controller.KafkaController)
[2021-11-10 00:14:58,198] DEBUG [Channel manager on controller 0]: Controller 0 trying to connect to broker 0 (kafka.controller.ControllerChannelManager)
[2021-11-10 00:14:58,211] INFO [RequestSendThread controllerId=0] Starting (kafka.controller.RequestSendThread)
[2021-11-10 00:14:58,211] INFO [Controller id=0] Currently active brokers in the cluster: Set(0) (kafka.controller.KafkaController)
[2021-11-10 00:14:58,212] INFO [Controller id=0] Currently shutting brokers in the cluster: Set() (kafka.controller.KafkaController)
[2021-11-10 00:14:58,212] INFO [Controller id=0] Current list of topics in the cluster: Set() (kafka.controller.KafkaController)
[2021-11-10 00:14:58,212] INFO [Controller id=0] Fetching topic deletions in progress (kafka.controller.KafkaController)
[2021-11-10 00:14:58,215] INFO [Controller id=0] List of topics to be deleted:  (kafka.controller.KafkaController)
[2021-11-10 00:14:58,216] INFO [Controller id=0] List of topics ineligible for deletion:  (kafka.controller.KafkaController)
[2021-11-10 00:14:58,216] INFO [Controller id=0] Initializing topic deletion manager (kafka.controller.KafkaController)
[2021-11-10 00:14:58,217] INFO [Topic Deletion Manager 0] Initializing manager with initial deletions: Set(), initial ineligible deletions: Set() (kafka.controller.TopicDeletionManager)
[2021-11-10 00:14:58,218] INFO [Controller id=0] Sending update metadata request (kafka.controller.KafkaController)
[2021-11-10 00:14:58,237] INFO [ReplicaStateMachine controllerId=0] Initializing replica state (kafka.controller.ZkReplicaStateMachine)
[2021-11-10 00:14:58,238] INFO [ReplicaStateMachine controllerId=0] Triggering online replica state changes (kafka.controller.ZkReplicaStateMachine)
[2021-11-10 00:14:58,249] INFO [ReplicaStateMachine controllerId=0] Triggering offline replica state changes (kafka.controller.ZkReplicaStateMachine)
[2021-11-10 00:14:58,250] DEBUG [ReplicaStateMachine controllerId=0] Started replica state machine with initial state -> Map() (kafka.controller.ZkReplicaStateMachine)
[2021-11-10 00:14:58,257] INFO [PartitionStateMachine controllerId=0] Initializing partition state (kafka.controller.ZkPartitionStateMachine)
[2021-11-10 00:14:58,259] INFO [PartitionStateMachine controllerId=0] Triggering online partition state changes (kafka.controller.ZkPartitionStateMachine)
[2021-11-10 00:14:58,261] INFO [RequestSendThread controllerId=0] Controller 0 connected to DESKTOP-3V635BU:9092 (id: 0 rack: null) for sending state change requests (kafka.controller.RequestSendThread)
[2021-11-10 00:14:58,267] DEBUG [PartitionStateMachine controllerId=0] Started partition state machine with initial state -> Map() (kafka.controller.ZkPartitionStateMachine)
[2021-11-10 00:14:58,268] INFO [Controller id=0] Ready to serve as the new controller with epoch 1 (kafka.controller.KafkaController)
[2021-11-10 00:14:58,280] INFO [Controller id=0] Partitions undergoing preferred replica election:  (kafka.controller.KafkaController)
[2021-11-10 00:14:58,281] INFO [Controller id=0] Partitions that completed preferred replica election:  (kafka.controller.KafkaController)
[2021-11-10 00:14:58,282] INFO [Controller id=0] Skipping preferred replica election for partitions due to topic deletion:  (kafka.controller.KafkaController)
[2021-11-10 00:14:58,283] INFO [Controller id=0] Resuming preferred replica election for partitions:  (kafka.controller.KafkaController)
[2021-11-10 00:14:58,287] INFO [Controller id=0] Starting replica leader election (PREFERRED) for partitions  triggered by ZkTriggered (kafka.controller.KafkaController)
[2021-11-10 00:14:58,308] INFO [Controller id=0] Starting the controller scheduler (kafka.controller.KafkaController)
[2021-11-10 00:15:03,311] INFO [Controller id=0] Processing automatic preferred replica leader election (kafka.controller.KafkaController)
[2021-11-10 00:15:03,312] TRACE [Controller id=0] Checking need to trigger auto leader balancing (kafka.controller.KafkaController)
[2021-11-10 00:17:14,528] INFO [Controller id=0] New topics: [Set(Orders)], deleted topics: [Set()], new partition replica assignment [Set(TopicIdReplicaAssignment(Orders,None,Map(Orders-0 -> ReplicaAssignment(replicas=0, addingReplicas=, removingReplicas=))))] (kafka.controller.KafkaController)
[2021-11-10 00:17:14,529] INFO [Controller id=0] New partition creation callback for Orders-0 (kafka.controller.KafkaController)
[2021-11-10 00:17:24,870] INFO [Controller id=0] New topics: [Set(Resume)], deleted topics: [Set()], new partition replica assignment [Set(TopicIdReplicaAssignment(Resume,None,Map(Resume-0 -> ReplicaAssignment(replicas=0, addingReplicas=, removingReplicas=))))] (kafka.controller.KafkaController)
[2021-11-10 00:17:24,870] INFO [Controller id=0] New partition creation callback for Resume-0 (kafka.controller.KafkaController)
