[2021-11-06 23:00:04,589] INFO Starting the log cleaner (kafka.log.LogCleaner)
[2021-11-06 23:00:04,696] INFO [kafka-log-cleaner-thread-0]: Starting (kafka.log.LogCleaner)
[2021-11-07 15:39:58,668] INFO Starting the log cleaner (kafka.log.LogCleaner)
[2021-11-07 15:39:58,794] INFO [kafka-log-cleaner-thread-0]: Starting (kafka.log.LogCleaner)
[2021-11-07 15:40:04,887] INFO Shutting down the log cleaner. (kafka.log.LogCleaner)
[2021-11-07 15:40:04,890] INFO [kafka-log-cleaner-thread-0]: Shutting down (kafka.log.LogCleaner)
[2021-11-07 15:40:04,892] INFO [kafka-log-cleaner-thread-0]: Stopped (kafka.log.LogCleaner)
[2021-11-07 15:40:04,892] INFO [kafka-log-cleaner-thread-0]: Shutdown completed (kafka.log.LogCleaner)
[2021-11-07 15:40:38,594] INFO Starting the log cleaner (kafka.log.LogCleaner)
[2021-11-07 15:40:38,695] INFO [kafka-log-cleaner-thread-0]: Starting (kafka.log.LogCleaner)
[2021-11-07 15:41:08,521] INFO Shutting down the log cleaner. (kafka.log.LogCleaner)
[2021-11-07 15:41:08,522] INFO [kafka-log-cleaner-thread-0]: Shutting down (kafka.log.LogCleaner)
[2021-11-07 15:41:08,525] INFO [kafka-log-cleaner-thread-0]: Stopped (kafka.log.LogCleaner)
[2021-11-07 15:41:08,525] INFO [kafka-log-cleaner-thread-0]: Shutdown completed (kafka.log.LogCleaner)
[2021-11-07 15:44:39,670] INFO Starting the log cleaner (kafka.log.LogCleaner)
[2021-11-07 15:44:39,761] INFO [kafka-log-cleaner-thread-0]: Starting (kafka.log.LogCleaner)
[2021-11-08 17:29:14,871] INFO Starting the log cleaner (kafka.log.LogCleaner)
[2021-11-08 17:29:15,011] INFO [kafka-log-cleaner-thread-0]: Starting (kafka.log.LogCleaner)
[2021-11-08 17:46:32,585] INFO Shutting down the log cleaner. (kafka.log.LogCleaner)
[2021-11-08 17:46:32,586] INFO [kafka-log-cleaner-thread-0]: Shutting down (kafka.log.LogCleaner)
[2021-11-08 17:46:32,587] INFO [kafka-log-cleaner-thread-0]: Stopped (kafka.log.LogCleaner)
[2021-11-08 17:46:32,587] INFO [kafka-log-cleaner-thread-0]: Shutdown completed (kafka.log.LogCleaner)
[2021-11-08 20:31:17,635] INFO Starting the log cleaner (kafka.log.LogCleaner)
[2021-11-08 20:31:17,778] INFO [kafka-log-cleaner-thread-0]: Starting (kafka.log.LogCleaner)
[2021-11-08 20:31:23,725] INFO Shutting down the log cleaner. (kafka.log.LogCleaner)
[2021-11-08 20:31:23,726] INFO [kafka-log-cleaner-thread-0]: Shutting down (kafka.log.LogCleaner)
[2021-11-08 20:31:23,727] INFO [kafka-log-cleaner-thread-0]: Stopped (kafka.log.LogCleaner)
[2021-11-08 20:31:23,727] INFO [kafka-log-cleaner-thread-0]: Shutdown completed (kafka.log.LogCleaner)
[2021-11-08 20:32:52,566] INFO Starting the log cleaner (kafka.log.LogCleaner)
[2021-11-08 20:32:52,702] INFO [kafka-log-cleaner-thread-0]: Starting (kafka.log.LogCleaner)
